<?xml version="1.0" encoding="UTF-8"?>
<testsuite xmlns:xsi="http://www.w3.org/2001/XMLSchema-instance" xsi:noNamespaceSchemaLocation="https://maven.apache.org/surefire/maven-surefire-plugin/xsd/surefire-test-report.xsd" version="3.0.2" name="com.connecto.ChatAppApplicationTests" time="3.393" tests="1" errors="0" skipped="0" failures="0">
  <properties>
[...]
</properties>
  <testcase name="contextLoads" classname="com.connecto.ChatAppApplicationTests" time="0.596">
    <system-out><![CDATA[22:14:33.823 [main] INFO org.springframework.test.context.support.AnnotationConfigContextLoaderUtils -- Could not detect default configuration classes for test class [com.connecto.ChatAppApplicationTests]: ChatAppApplicationTests does not declare any static, non-private, non-final, nested classes annotated with @Configuration.
22:14:33.904 [main] INFO org.springframework.boot.test.context.SpringBootTestContextBootstrapper -- Found @SpringBootConfiguration com.connecto.ChatAppApplication for test class com.connecto.ChatAppApplicationTests
22:14:34.040 [main] INFO org.springframework.boot.devtools.restart.RestartApplicationListener -- Restart disabled due to context in which it is running

  .   ____          _            __ _ _
 /\\ / ___'_ __ _ _(_)_ __  __ _ \ \ \ \
( ( )\___ | '_ | '_| | '_ \/ _` | \ \ \ \
 \\/  ___)| |_)| | | | | || (_| |  ) ) ) )
  '  |____| .__|_| |_|_| |_\__, | / / / /
 =========|_|==============|___/=/_/_/_/

 :: Spring Boot ::       (v3.4.0-SNAPSHOT)

2024-09-15T22:14:34.277+05:30  INFO 1147809 --- [ConnectO] [           main] com.connecto.ChatAppApplicationTests     : Starting ChatAppApplicationTests using Java 17.0.12 with PID 1147809 (started by swabhiman in /home/swabhiman/Downloads/Git Repos/Full_Fledged_Chat_App_Backend)
2024-09-15T22:14:34.279+05:30  INFO 1147809 --- [ConnectO] [           main] com.connecto.ChatAppApplicationTests     : No active profile set, falling back to 1 default profile: "default"
2024-09-15T22:14:35.933+05:30  WARN 1147809 --- [ConnectO] [           main] .s.s.UserDetailsServiceAutoConfiguration : 

Using generated security password: b1cc6035-e54f-41fc-bd3e-fa6cfd629cda

This generated password is for development use only. Your security configuration must be updated before running your application in production.

2024-09-15T22:14:35.946+05:30  INFO 1147809 --- [ConnectO] [           main] r$InitializeUserDetailsManagerConfigurer : Global AuthenticationManager configured with UserDetailsService bean with name inMemoryUserDetailsManager
2024-09-15T22:14:36.068+05:30  INFO 1147809 --- [ConnectO] [           main] o.s.b.a.w.s.WelcomePageHandlerMapping    : Adding welcome page: class path resource [static/index.html]
2024-09-15T22:14:36.451+05:30  INFO 1147809 --- [ConnectO] [           main] o.s.m.s.b.SimpleBrokerMessageHandler     : Starting...
2024-09-15T22:14:36.452+05:30  INFO 1147809 --- [ConnectO] [           main] o.s.m.s.b.SimpleBrokerMessageHandler     : BrokerAvailabilityEvent[available=true, SimpleBrokerMessageHandler [org.springframework.messaging.simp.broker.DefaultSubscriptionRegistry@3dd750ba]]
2024-09-15T22:14:36.454+05:30  INFO 1147809 --- [ConnectO] [           main] o.s.m.s.b.SimpleBrokerMessageHandler     : Started.
2024-09-15T22:14:36.460+05:30  INFO 1147809 --- [ConnectO] [           main] com.connecto.ChatAppApplicationTests     : Started ChatAppApplicationTests in 2.433 seconds (process running for 3.174)
]]></system-out>
  </testcase>
</testsuite>